2018-07-30 21:36:14 [main] INFO  com.epam.task0.Application - CHOCOLATE_CEREALS
2018-07-30 21:36:14 [main] INFO  com.epam.task0.Application - CANDIES_BOX
2018-07-30 21:36:14 [main] INFO  com.epam.task0.Application - CHUPA_CHUPS
2018-07-30 21:36:14 [main] INFO  com.epam.task0.Application - LIQUEUR_CANDIES
2018-07-30 21:36:14 [main] INFO  com.epam.task0.Application - JELLY_BEAN
2018-07-30 21:36:24 [main] INFO  com.epam.task0.Application - Нужна ли вам открытка? (Y/N)
2018-07-30 21:36:27 [main] INFO  com.epam.task0.Application - Введите название набора
2018-07-30 21:36:31 [main] INFO  com.epam.task0.Application - Введите количество набора
2018-07-30 21:36:34 [main] INFO  com.epam.task0.Application - Желаете изменить количество? (Y/N)
2018-07-30 21:43:03 [main] INFO  com.epam.task0.Application - Здравствуйте! Как Вас зовут?
2018-07-30 21:43:19 [main] INFO  com.epam.task0.Application - *****************
Заказ: 10000
Клиент: Misha
Название: hggfsdjfsdjf
-----------------
Украшения и ленточки 5.0€
Обычная коробка 3.0€
Коробка конфет 8.0€
-----------------
Всего: 16.0€
Количество: 2
-----------------
Общая сумма: 32.0€
*****************

