2018-07-31 13:01:17 [main] INFO  com.epam.task0.Application - 
*****************
Заказ: 10001
Клиент: Сидорук
Название: Новогодний
-----------------
Украшения и ленточки 5.0€
Обычная коробка 3.0€
Леденцы 3.0€
-----------------
Всего: 11.0€
Количество: 3
-----------------
Общая сумма: 33.0€
*****************

2018-07-31 13:04:47 [main] INFO  com.epam.task0.Application - 
*****************
Заказ: 10000
Клиент: Михаил
Название: Подарочный
-----------------
Украшения и ленточки 5.0€
Обычная коробка 3.0€
Жевательные конфеты 5.0€
Леденцы 3.0€
-----------------
Всего: 16.0€
Количество: 2
-----------------
Общая сумма: 32.0€
*****************

2018-07-31 13:04:47 [main] INFO  com.epam.task0.Application - 
*****************
Заказ: 10001
Клиент: Сидорук
Название: Новогодний
-----------------
Украшения и ленточки 5.0€
Обычная коробка 3.0€
Леденцы 3.0€
-----------------
Всего: 11.0€
Количество: 3
-----------------
Общая сумма: 33.0€
*****************

