2018-07-30 22:37:24 [main] INFO  com.epam.task0.Application - *****************
Заказ: 10000
Клиент: Михаил
Название: Подарочный
-----------------
Украшения и ленточки 5.0€
Обычная коробка 3.0€
Жевательные конфеты 5.0€
Леденцы 3.0€
-----------------
Всего: 16.0€
Количество: 2
-----------------
Общая сумма: 32.0€
*****************

2018-07-30 22:38:18 [main] INFO  com.epam.task0.Application - 
*****************
Заказ: 10000
Клиент: Михаил
Название: Подарочный
-----------------
Украшения и ленточки 5.0€
Обычная коробка 3.0€
Жевательные конфеты 5.0€
Леденцы 3.0€
-----------------
Всего: 16.0€
Количество: 2
-----------------
Общая сумма: 32.0€
*****************

2018-07-31 12:50:47 [main] INFO  com.epam.task0.Application - 
*****************
Заказ: 10000
Клиент: Михаил
Название: Подарочный
-----------------
Украшения и ленточки 5.0€
Обычная коробка 3.0€
Жевательные конфеты 5.0€
Леденцы 3.0€
-----------------
Всего: 16.0€
Количество: 2
-----------------
Общая сумма: 32.0€
*****************

