2018-07-31 12:59:40 [main] INFO  com.epam.task0.Application - 
*****************
Заказ: 10000
Клиент: Михаил
Название: Подарочный
-----------------
Украшения и ленточки 5.0€
Обычная коробка 3.0€
Жевательные конфеты 5.0€
Леденцы 3.0€
-----------------
Всего: 16.0€
Количество: 2
-----------------
Общая сумма: 32.0€
*****************

2018-07-31 13:00:35 [main] INFO  com.epam.task0.Application - 
*****************
Заказ: 10000
Клиент: Михаил
Название: Подарочный
-----------------
Украшения и ленточки 5.0€
Обычная коробка 3.0€
Жевательные конфеты 5.0€
Леденцы 3.0€
-----------------
Всего: 16.0€
Количество: 2
-----------------
Общая сумма: 32.0€
*****************

2018-07-31 13:01:17 [main] INFO  com.epam.task0.Application - 
*****************
Заказ: 10000
Клиент: Михаил
Название: Подарочный
-----------------
Украшения и ленточки 5.0€
Обычная коробка 3.0€
Жевательные конфеты 5.0€
Леденцы 3.0€
-----------------
Всего: 16.0€
Количество: 2
-----------------
Общая сумма: 32.0€
*****************

