2018-08-09 02:04:39 [main] INFO  com.epam.task0.worker.OrderWorker - 
*****************
Заказ: 10000
Клиент: Иванов В.В.
Название: Детский
-----------------
Украшения и ленточки 5.0€
Обычная коробка 3.0€
Шоколаднные фигурки 8.0€
Леденцы 3.0€
Шоколадные хлопья 4.0€
Чупа-чупс 1.0€
Жевательные конфеты 5.0€
-----------------
Всего: 29.0€
Количество: 1
-----------------
Общая сумма: 29.0€
*****************

2018-08-09 02:05:14 [main] INFO  com.epam.task0.worker.OrderWorker - 
*****************
Заказ: 10000
Клиент: Иванов В.В.
Название: Детский
-----------------
Украшения и ленточки 5.0€
Обычная коробка 3.0€
Шоколаднные фигурки 8.0€
Леденцы 3.0€
Шоколадные хлопья 4.0€
Чупа-чупс 1.0€
Жевательные конфеты 5.0€
-----------------
Всего: 29.0€
Количество: 1
-----------------
Общая сумма: 29.0€
*****************

