2018-08-09 03:25:18 [main] INFO  com.epam.task0.worker.OrderWorker - 
*****************
Заказ: 10001
Клиент: Сидорук
Название: Новогодний
-----------------
Украшения и ленточки 5.0€
Обычная коробка 3.0€
Шоколаднные фигурки 8.0€
Слитки молочного шоколада 10.0€
Коробка конфет 8.0€
Конфеты с ликером 9.0€
-----------------
Всего: 43.0€
Количество: 3
-----------------
Общая сумма: 129.0€
*****************

2018-08-09 03:29:05 [main] INFO  com.epam.task0.worker.OrderWorker - 
*****************
Заказ: 10001
Клиент: Сидорук
Название: Новогодний
-----------------
Украшения и ленточки 5.0€
Обычная коробка 3.0€
Шоколаднные фигурки 8.0€
Слитки молочного шоколада 10.0€
Коробка конфет 8.0€
Конфеты с ликером 9.0€
-----------------
Всего: 43.0€
Количество: 3
-----------------
Общая сумма: 129.0€
*****************

