2018-07-31 15:20:52 [main] INFO  com.epam.task0.Application - 
*****************
Заказ: 10000
Клиент: Иванов В.В.
Название: Детский
-----------------
Украшения и ленточки 5.0€
Обычная коробка 3.0€
Шоколаднные фигурки 8.0€
Леденцы 3.0€
Шоколадные хлопья 4.0€
Чупа-чупс 1.0€
Жевательные конфеты 5.0€
-----------------
Всего: 29.0€
Количество: 1
-----------------
Общая сумма: 29.0€
*****************

2018-07-31 15:20:52 [main] INFO  com.epam.task0.Application - 
*****************
Заказ: 10001
Клиент: Сидорук
Название: Новогодний
-----------------
Украшения и ленточки 5.0€
Обычная коробка 3.0€
Шоколаднные фигурки 8.0€
Слитки молочного шоколада 10.0€
Коробка конфет 8.0€
Конфеты с ликером 9.0€
-----------------
Всего: 43.0€
Количество: 3
-----------------
Общая сумма: 129.0€
*****************

