2018-08-07 13:30:33 [main] INFO  com.epam.task0.worker.OrderWorker -
*****************
Заказ: 10000
Клиент: Иванов В.В.
Название: Детский
-----------------
Украшения и ленточки 5.0€
Обычная коробка 3.0€
Шоколаднные фигурки 8.0€
Леденцы 3.0€
Шоколадные хлопья 4.0€
Чупа-чупс 1.0€
Жевательные конфеты 5.0€
-----------------
Всего: 29.0€
Количество: 0
-----------------
Общая сумма: 0.0€
*****************

2018-08-07 13:35:49 [main] INFO  com.epam.task0.worker.OrderWorker -
*****************
Заказ: 10000
Клиент: Иванов В.В.
Название: Детский
-----------------
Украшения и ленточки 5.0€
Обычная коробка 3.0€
Шоколаднные фигурки 8.0€
Леденцы 3.0€
Шоколадные хлопья 4.0€
Чупа-чупс 1.0€
Жевательные конфеты 5.0€
-----------------
Всего: 29.0€
Количество: 0
-----------------
Общая сумма: 0.0€
*****************

